Parametric bootstrap for Hawkes test
T_end = 250 
dt = 0.01 
B_boot = 100 

True parameters:
  mu0   mu1 alpha  beta 
 -0.5   0.7   0.0   2.5 

Observed dataset:
Number of events: 144 
Max number of events in one bin: 2 

Observed test result:
  n_events   mu0_null  mu1_null   mu0_full mu1_full  alpha_full beta_full
1      144 -0.6151625 0.6857665 -0.6155489 0.685973 0.003125485  9.725606
  loglik_null loglik_full LR p_chisq conv_null conv_full
1    -204.326   -204.3269  0       1         0         0

Naive chi-square p-value:
[1] 1

Fitted null parameters for bootstrap:
mu0_null_hat mu1_null_hat 
  -0.6151625    0.6857665 
Bootstrap repetition 1 of 100 
Bootstrap repetition 2 of 100 
Bootstrap repetition 3 of 100 
Bootstrap repetition 4 of 100 
Bootstrap repetition 5 of 100 
Bootstrap repetition 6 of 100 
Bootstrap repetition 7 of 100 
Bootstrap repetition 8 of 100 
Bootstrap repetition 9 of 100 
Bootstrap repetition 10 of 100 
Bootstrap repetition 11 of 100 
Bootstrap repetition 12 of 100 
Bootstrap repetition 13 of 100 
Bootstrap repetition 14 of 100 
Bootstrap repetition 15 of 100 
Bootstrap repetition 16 of 100 
Bootstrap repetition 17 of 100 
Bootstrap repetition 18 of 100 
Bootstrap repetition 19 of 100 
Bootstrap repetition 20 of 100 
Bootstrap repetition 21 of 100 
Bootstrap repetition 22 of 100 
Bootstrap repetition 23 of 100 
Bootstrap repetition 24 of 100 
Bootstrap repetition 25 of 100 
Bootstrap repetition 26 of 100 
Bootstrap repetition 27 of 100 
Bootstrap repetition 28 of 100 
Bootstrap repetition 29 of 100 
Bootstrap repetition 30 of 100 
Bootstrap repetition 31 of 100 
Bootstrap repetition 32 of 100 
Bootstrap repetition 33 of 100 
Bootstrap repetition 34 of 100 
Bootstrap repetition 35 of 100 
Bootstrap repetition 36 of 100 
Bootstrap repetition 37 of 100 
Bootstrap repetition 38 of 100 
Bootstrap repetition 39 of 100 
Bootstrap repetition 40 of 100 
Bootstrap repetition 41 of 100 
Bootstrap repetition 42 of 100 
Bootstrap repetition 43 of 100 
Bootstrap repetition 44 of 100 
Bootstrap repetition 45 of 100 
Bootstrap repetition 46 of 100 
Bootstrap repetition 47 of 100 
Bootstrap repetition 48 of 100 
Bootstrap repetition 49 of 100 
Bootstrap repetition 50 of 100 
Bootstrap repetition 51 of 100 
Bootstrap repetition 52 of 100 
Bootstrap repetition 53 of 100 
Bootstrap repetition 54 of 100 
Bootstrap repetition 55 of 100 
Bootstrap repetition 56 of 100 
Bootstrap repetition 57 of 100 
Bootstrap repetition 58 of 100 
Bootstrap repetition 59 of 100 
Bootstrap repetition 60 of 100 
Bootstrap repetition 61 of 100 
Bootstrap repetition 62 of 100 
Bootstrap repetition 63 of 100 
Bootstrap repetition 64 of 100 
Bootstrap repetition 65 of 100 
Bootstrap repetition 66 of 100 
Bootstrap repetition 67 of 100 
Bootstrap repetition 68 of 100 
Bootstrap repetition 69 of 100 
Bootstrap repetition 70 of 100 
Bootstrap repetition 71 of 100 
Bootstrap repetition 72 of 100 
Bootstrap repetition 73 of 100 
Bootstrap repetition 74 of 100 
Bootstrap repetition 75 of 100 
Bootstrap repetition 76 of 100 
Bootstrap repetition 77 of 100 
Bootstrap repetition 78 of 100 
Bootstrap repetition 79 of 100 
Bootstrap repetition 80 of 100 
Bootstrap repetition 81 of 100 
Bootstrap repetition 82 of 100 
Bootstrap repetition 83 of 100 
Bootstrap repetition 84 of 100 
Bootstrap repetition 85 of 100 
Bootstrap repetition 86 of 100 
Bootstrap repetition 87 of 100 
Bootstrap repetition 88 of 100 
Bootstrap repetition 89 of 100 
Bootstrap repetition 90 of 100 
Bootstrap repetition 91 of 100 
Bootstrap repetition 92 of 100 
Bootstrap repetition 93 of 100 
Bootstrap repetition 94 of 100 
Bootstrap repetition 95 of 100 
Bootstrap repetition 96 of 100 
Bootstrap repetition 97 of 100 
Bootstrap repetition 98 of 100 
Bootstrap repetition 99 of 100 
Bootstrap repetition 100 of 100 

Bootstrap p-value:
[1] 1

Number of successful bootstrap fits:
100 out of 100 

95 percent critical values:
bootstrap: 5.413654 
chi-square: 3.841459 

Saved results:
results/hawkes_bootstrap_summary.csv
results/hawkes_bootstrap_replicates.csv

Done.
Generated files:
results/hawkes_bootstrap_summary.csv
results/hawkes_bootstrap_replicates.csv
figures/hawkes_bootstrap_LR_histogram.png
figures/hawkes_bootstrap_LR_histogram.pdf
